/home/sohan/nodevenv/nextjs/20/lib/node_modules/next/dist/server/lib/router-utils/filesystem.js:151
            throw new Error(`Could not find a production build in the '${opts.config.distDir}' directory. Try building your app with 'next build' before starting the production server. https://nextjs.org/docs/messages/production-start-no-build-id`);
                  ^

Error: Could not find a production build in the '.next' directory. Try building your app with 'next build' before starting the production server. https://nextjs.org/docs/messages/production-start-no-build-id
    at setupFsCheck (/home/sohan/nodevenv/nextjs/20/lib/node_modules/next/dist/server/lib/router-utils/filesystem.js:151:19)
    at async initialize (/home/sohan/nodevenv/nextjs/20/lib/node_modules/next/dist/server/lib/router-server.js:62:23)
    at async NextCustomServer.prepare (/home/sohan/nodevenv/nextjs/20/lib/node_modules/next/dist/server/next.js:242:28)

Node.js v20.17.0
/home/sohan/nodevenv/nextjs/20/lib/node_modules/next/dist/server/lib/router-utils/filesystem.js:151
            throw new Error(`Could not find a production build in the '${opts.config.distDir}' directory. Try building your app with 'next build' before starting the production server. https://nextjs.org/docs/messages/production-start-no-build-id`);
                  ^

Error: Could not find a production build in the '.next' directory. Try building your app with 'next build' before starting the production server. https://nextjs.org/docs/messages/production-start-no-build-id
    at setupFsCheck (/home/sohan/nodevenv/nextjs/20/lib/node_modules/next/dist/server/lib/router-utils/filesystem.js:151:19)
    at async initialize (/home/sohan/nodevenv/nextjs/20/lib/node_modules/next/dist/server/lib/router-server.js:62:23)
    at async NextCustomServer.prepare (/home/sohan/nodevenv/nextjs/20/lib/node_modules/next/dist/server/next.js:242:28)

Node.js v20.17.0
/home/sohan/nodevenv/nextjs/20/lib/node_modules/next/dist/server/lib/router-utils/filesystem.js:151
            throw new Error(`Could not find a production build in the '${opts.config.distDir}' directory. Try building your app with 'next build' before starting the production server. https://nextjs.org/docs/messages/production-start-no-build-id`);
                  ^

Error: Could not find a production build in the '.next' directory. Try building your app with 'next build' before starting the production server. https://nextjs.org/docs/messages/production-start-no-build-id
    at setupFsCheck (/home/sohan/nodevenv/nextjs/20/lib/node_modules/next/dist/server/lib/router-utils/filesystem.js:151:19)
    at async initialize (/home/sohan/nodevenv/nextjs/20/lib/node_modules/next/dist/server/lib/router-server.js:62:23)
    at async NextCustomServer.prepare (/home/sohan/nodevenv/nextjs/20/lib/node_modules/next/dist/server/next.js:242:28)

Node.js v20.17.0
/home/sohan/nodevenv/nextjs/20/lib/node_modules/next/dist/server/lib/router-utils/filesystem.js:151
            throw new Error(`Could not find a production build in the '${opts.config.distDir}' directory. Try building your app with 'next build' before starting the production server. https://nextjs.org/docs/messages/production-start-no-build-id`);
                  ^

Error: Could not find a production build in the '.next' directory. Try building your app with 'next build' before starting the production server. https://nextjs.org/docs/messages/production-start-no-build-id
    at setupFsCheck (/home/sohan/nodevenv/nextjs/20/lib/node_modules/next/dist/server/lib/router-utils/filesystem.js:151:19)
    at async initialize (/home/sohan/nodevenv/nextjs/20/lib/node_modules/next/dist/server/lib/router-server.js:62:23)
    at async NextCustomServer.prepare (/home/sohan/nodevenv/nextjs/20/lib/node_modules/next/dist/server/next.js:242:28)

Node.js v20.17.0
/home/sohan/nodevenv/nextjs/20/lib/node_modules/next/dist/server/lib/router-utils/filesystem.js:151
            throw new Error(`Could not find a production build in the '${opts.config.distDir}' directory. Try building your app with 'next build' before starting the production server. https://nextjs.org/docs/messages/production-start-no-build-id`);
                  ^

Error: Could not find a production build in the '.next' directory. Try building your app with 'next build' before starting the production server. https://nextjs.org/docs/messages/production-start-no-build-id
    at setupFsCheck (/home/sohan/nodevenv/nextjs/20/lib/node_modules/next/dist/server/lib/router-utils/filesystem.js:151:19)
    at async initialize (/home/sohan/nodevenv/nextjs/20/lib/node_modules/next/dist/server/lib/router-server.js:62:23)
    at async NextCustomServer.prepare (/home/sohan/nodevenv/nextjs/20/lib/node_modules/next/dist/server/next.js:242:28)

Node.js v20.17.0
/home/sohan/nodevenv/nextjs/20/lib/node_modules/next/dist/server/lib/router-utils/filesystem.js:151
            throw new Error(`Could not find a production build in the '${opts.config.distDir}' directory. Try building your app with 'next build' before starting the production server. https://nextjs.org/docs/messages/production-start-no-build-id`);
                  ^

Error: Could not find a production build in the '.next' directory. Try building your app with 'next build' before starting the production server. https://nextjs.org/docs/messages/production-start-no-build-id
    at setupFsCheck (/home/sohan/nodevenv/nextjs/20/lib/node_modules/next/dist/server/lib/router-utils/filesystem.js:151:19)
    at async initialize (/home/sohan/nodevenv/nextjs/20/lib/node_modules/next/dist/server/lib/router-server.js:62:23)
    at async NextCustomServer.prepare (/home/sohan/nodevenv/nextjs/20/lib/node_modules/next/dist/server/next.js:242:28)

Node.js v20.17.0
/home/sohan/nodevenv/nextjs/20/lib/node_modules/next/dist/server/lib/router-utils/filesystem.js:151
            throw new Error(`Could not find a production build in the '${opts.config.distDir}' directory. Try building your app with 'next build' before starting the production server. https://nextjs.org/docs/messages/production-start-no-build-id`);
                  ^

Error: Could not find a production build in the '.next' directory. Try building your app with 'next build' before starting the production server. https://nextjs.org/docs/messages/production-start-no-build-id
    at setupFsCheck (/home/sohan/nodevenv/nextjs/20/lib/node_modules/next/dist/server/lib/router-utils/filesystem.js:151:19)
    at async initialize (/home/sohan/nodevenv/nextjs/20/lib/node_modules/next/dist/server/lib/router-server.js:62:23)
    at async NextCustomServer.prepare (/home/sohan/nodevenv/nextjs/20/lib/node_modules/next/dist/server/next.js:242:28)

Node.js v20.17.0
/home/sohan/nodevenv/sohan.thesoftking.com/nextjs/20/lib/node_modules/next/dist/server/lib/router-utils/filesystem.js:151
            throw new Error(`Could not find a production build in the '${opts.config.distDir}' directory. Try building your app with 'next build' before starting the production server. https://nextjs.org/docs/messages/production-start-no-build-id`);
                  ^

Error: Could not find a production build in the '.next' directory. Try building your app with 'next build' before starting the production server. https://nextjs.org/docs/messages/production-start-no-build-id
    at setupFsCheck (/home/sohan/nodevenv/sohan.thesoftking.com/nextjs/20/lib/node_modules/next/dist/server/lib/router-utils/filesystem.js:151:19)
    at async initialize (/home/sohan/nodevenv/sohan.thesoftking.com/nextjs/20/lib/node_modules/next/dist/server/lib/router-server.js:62:23)
    at async NextCustomServer.prepare (/home/sohan/nodevenv/sohan.thesoftking.com/nextjs/20/lib/node_modules/next/dist/server/next.js:242:28)

Node.js v20.17.0
/home/sohan/nodevenv/sohan.thesoftking.com/nextjs/20/lib/node_modules/next/dist/server/lib/router-utils/filesystem.js:151
            throw new Error(`Could not find a production build in the '${opts.config.distDir}' directory. Try building your app with 'next build' before starting the production server. https://nextjs.org/docs/messages/production-start-no-build-id`);
                  ^

Error: Could not find a production build in the '.next' directory. Try building your app with 'next build' before starting the production server. https://nextjs.org/docs/messages/production-start-no-build-id
    at setupFsCheck (/home/sohan/nodevenv/sohan.thesoftking.com/nextjs/20/lib/node_modules/next/dist/server/lib/router-utils/filesystem.js:151:19)
    at async initialize (/home/sohan/nodevenv/sohan.thesoftking.com/nextjs/20/lib/node_modules/next/dist/server/lib/router-server.js:62:23)
    at async NextCustomServer.prepare (/home/sohan/nodevenv/sohan.thesoftking.com/nextjs/20/lib/node_modules/next/dist/server/next.js:242:28)

Node.js v20.17.0
